<?xml version="1.0" encoding="UTF-8"?>
<!-- Generated by org.testng.reporters.JUnitReportReporter -->
<testsuite hostname="Maiyarasus-MacBook-Air.local" failures="0" tests="2" name="AuthAPI.SpotifyAPITest" time="1.119" errors="0" timestamp="2024-10-01T01:08:07 IST" skipped="0">
  <testcase classname="AuthAPI.SpotifyAPITest" name="getAlbumList" time="0.223"/>
  <testcase classname="AuthAPI.SpotifyAPITest" name="generateToken" time="0.896"/>
</testsuite> <!-- AuthAPI.SpotifyAPITest -->
