<?xml version="1.0" encoding="UTF-8"?>
<!-- Generated by org.testng.reporters.JUnitReportReporter -->
<testsuite hostname="Maiyarasus-MacBook-Air.local" failures="0" tests="1" name="JaywayJsonPath.JsonPathTest" time="1.430" errors="0" timestamp="2024-09-21T15:34:02 IST" skipped="0">
  <testcase classname="JaywayJsonPath.JsonPathTest" name="productApiTest_ConditionalExamples_WithThreeAttributes" time="1.430"/>
</testsuite> <!-- JaywayJsonPath.JsonPathTest -->
