<?xml version="1.0" encoding="UTF-8"?>
<!-- Generated by org.testng.reporters.JUnitReportReporter -->
<testsuite hostname="Maiyarasus-MacBook-Air.local" failures="0" tests="1" name="POSTWithMultipleOptions.PostApiWithDifferentData" time="4.921" errors="0" timestamp="2024-09-18T23:41:55 IST" skipped="0">
  <testcase classname="POSTWithMultipleOptions.PostApiWithDifferentData" name="bodyWithMultipart" time="4.921"/>
</testsuite> <!-- POSTWithMultipleOptions.PostApiWithDifferentData -->
