<?xml version="1.0" encoding="UTF-8"?>
<!-- Generated by org.testng.reporters.JUnitReportReporter -->
<testsuite hostname="Maiyarasus-MacBook-Air.local" failures="0" tests="1" name="POSTAPIWithCreateUser.CreateUserAPITest" time="1.299" errors="0" timestamp="2024-09-11T09:40:25 IST" skipped="0">
  <testcase classname="POSTAPIWithCreateUser.CreateUserAPITest" name="getAuthTokenTest_WithJSONFILE" time="1.299"/>
</testsuite> <!-- POSTAPIWithCreateUser.CreateUserAPITest -->
