<?xml version="1.0" encoding="UTF-8"?>
<!-- Generated by org.testng.reporters.JUnitReportReporter -->
<testsuite hostname="Maiyarasus-MacBook-Air.local" failures="0" tests="1" name="DeserializationProcess.ProductAPIWithTest" time="1.750" errors="0" timestamp="2024-09-19T17:33:51 IST" skipped="0">
  <testcase classname="DeserializationProcess.ProductAPIWithTest" name="getProductAPITest" time="1.750"/>
</testsuite> <!-- DeserializationProcess.ProductAPIWithTest -->
