<?xml version="1.0" encoding="UTF-8"?>
<!-- Generated by org.testng.reporters.JUnitReportReporter -->
<testsuite hostname="Maiyarasus-MacBook-Air.local" failures="0" tests="6" name="BookingApiTests.BookingAPIFeatureTest" time="30.710" errors="0" timestamp="2024-09-11T18:42:00 IST" skipped="0">
  <testcase classname="BookingApiTests.BookingAPIFeatureTest" name="deleteBookingTest" time="6.943"/>
  <testcase classname="BookingApiTests.BookingAPIFeatureTest" name="updateBookingTest" time="6.493"/>
  <testcase classname="BookingApiTests.BookingAPIFeatureTest" name="createBookingTest" time="3.169"/>
  <testcase classname="BookingApiTests.BookingAPIFeatureTest" name="getBookingIDsTest" time="2.894"/>
  <testcase classname="BookingApiTests.BookingAPIFeatureTest" name="partialBookingTest" time="6.773"/>
  <testcase classname="BookingApiTests.BookingAPIFeatureTest" name="getBookingIDTest" time="4.438"/>
</testsuite> <!-- BookingApiTests.BookingAPIFeatureTest -->
