<?xml version="1.0" encoding="UTF-8"?>
<!-- Generated by org.testng.reporters.JUnitReportReporter -->
<testsuite hostname="Maiyarasus-MacBook-Air.local" failures="0" tests="1" name="UpdateUser.UpdateUserWithPOJOTest" time="1.946" errors="0" timestamp="2024-09-12T17:37:09 IST" skipped="0">
  <testcase classname="UpdateUser.UpdateUserWithPOJOTest" name="UpdateUserWithPOJO" time="1.946"/>
</testsuite> <!-- UpdateUser.UpdateUserWithPOJOTest -->
