<?xml version="1.0" encoding="UTF-8"?>
<!-- Generated by org.testng.reporters.JUnitReportReporter -->
<testsuite hostname="Maiyarasus-MacBook-Air.local" failures="0" tests="1" name="XMLAPIs.XMLPathTest" time="1.767" errors="0" timestamp="2024-09-24T11:31:07 IST" skipped="0">
  <testcase classname="XMLAPIs.XMLPathTest" name="circuitApiTest_Xml" time="1.767"/>
</testsuite> <!-- XMLAPIs.XMLPathTest -->
