<?xml version="1.0" encoding="UTF-8"?>
<!-- Generated by org.testng.reporters.JUnitReportReporter -->
<testsuite hostname="Maiyarasus-MacBook-Air.local" failures="0" tests="1" name="LombokWithJsonArray.CreateUserWithJsonArrayLombokPojo" time="2.049" errors="0" timestamp="2024-09-18T14:44:43 IST" skipped="0">
  <testcase classname="LombokWithJsonArray.CreateUserWithJsonArrayLombokPojo" name="createUserWithJsonArrayPojo" time="2.049"/>
</testsuite> <!-- LombokWithJsonArray.CreateUserWithJsonArrayLombokPojo -->
