<?xml version="1.0" encoding="UTF-8"?>
<!-- Generated by org.testng.reporters.JUnitReportReporter -->
<testsuite hostname="Maiyarasus-MacBook-Air.local" failures="0" tests="2" name="UpdateUser.CreateUserTest" time="1.951" errors="0" timestamp="2024-09-12T19:18:12 IST" skipped="0">
  <testcase classname="UpdateUser.CreateUserTest" name="updateUser_WithBuilder" time="1.313"/>
  <testcase classname="UpdateUser.CreateUserTest" name="updateUser_WithLombok" time="0.638"/>
</testsuite> <!-- UpdateUser.CreateUserTest -->
