<?xml version="1.0" encoding="UTF-8"?>
<!-- Generated by org.testng.reporters.JUnitReportReporter -->
<testsuite hostname="Maiyarasus-MacBook-Air.local" failures="0" tests="2" name="FakeUserAPITest.CreateFakeUserTest" time="2.686" errors="0" timestamp="2024-09-18T13:05:32 IST" skipped="0">
  <testcase classname="FakeUserAPITest.CreateFakeUserTest" name="fakeUserTest_WithBuilder" time="0.946"/>
  <testcase classname="FakeUserAPITest.CreateFakeUserTest" name="fakeUserTest" time="1.740"/>
</testsuite> <!-- FakeUserAPITest.CreateFakeUserTest -->
