<?xml version="1.0" encoding="UTF-8"?>
<!-- Generated by org.testng.reporters.JUnitReportReporter -->
<testsuite hostname="Maiyarasus-MacBook-Air.local" failures="0" tests="1" name="POSTWithAuthAPI.AuthAPITest" time="2.517" errors="0" timestamp="2024-09-12T13:52:53 IST" skipped="0">
  <testcase classname="POSTWithAuthAPI.AuthAPITest" name="getAuthTokenTest_WithPOJOClass" time="2.517"/>
</testsuite> <!-- POSTWithAuthAPI.AuthAPITest -->
